<?xml version="1.0" encoding="UTF-8"?>
<!-- Generated by org.testng.reporters.JUnitReportReporter -->
<testsuite skipped="0" hostname="RSLPTP862" name="Selenium1.TimeUnitAtSuiteLevelTestNGDemo" tests="2" failures="0" timestamp="17 Feb 2019 12:53:45 GMT" time="3.110" errors="1">
  <testcase name="test2" time="2.033" classname="Selenium1.TimeUnitAtSuiteLevelTestNGDemo">
    <error type="org.testng.internal.thread.ThreadTimeoutException" message="Method Selenium1.TimeUnitAtSuiteLevelTestNGDemo.test2() didn&#039;t finish within the time-out 2000">
      <![CDATA[org.testng.internal.thread.ThreadTimeoutException: Method Selenium1.TimeUnitAtSuiteLevelTestNGDemo.test2() didn't finish within the time-out 2000
at java.lang.Thread.interrupt(Thread.java:919)
at org.testng.internal.InvokeMethodRunnable.runOne(InvokeMethodRunnable.java:64)
at org.testng.internal.InvokeMethodRunnable.run(InvokeMethodRunnable.java:44)
at java.util.concurrent.Executors$RunnableAdapter.call(Executors.java:511)
at java.util.concurrent.FutureTask.run(FutureTask.java:266)
at java.util.concurrent.ThreadPoolExecutor.runWorker(ThreadPoolExecutor.java:1149)
at java.util.concurrent.ThreadPoolExecutor$Worker.run(ThreadPoolExecutor.java:624)
at java.lang.Thread.run(Thread.java:748)
]]>
    </error>
  </testcase> <!-- test2 -->
  <testcase name="test1" time="1.077" classname="Selenium1.TimeUnitAtSuiteLevelTestNGDemo"/>
</testsuite> <!-- Selenium1.TimeUnitAtSuiteLevelTestNGDemo -->
